<?xml version="1.0" encoding="UTF-8"?>
<testsuite name="com.example.money.TestMoney" tests="1" skipped="0" failures="0" errors="0" timestamp="2021-05-14T23:16:21" hostname="gimjun-yeong-ui-MacBook-Pro.local" time="0.032">
  <properties/>
  <testcase name="testFrancMultiplication()" classname="com.example.money.TestMoney" time="0.032"/>
  <system-out><![CDATA[]]></system-out>
  <system-err><![CDATA[]]></system-err>
</testsuite>
