<?xml version="1.0" encoding="UTF-8"?>
<testsuite name="com.example.money.TestMoney" tests="2" skipped="0" failures="0" errors="0" timestamp="2021-05-13T14:35:29" hostname="gimjun-yeong-ui-MacBook-Pro.local" time="0.033">
  <properties/>
  <testcase name="testMultiplication()" classname="com.example.money.TestMoney" time="0.028"/>
  <testcase name="testEquality()" classname="com.example.money.TestMoney" time="0.003"/>
  <system-out><![CDATA[]]></system-out>
  <system-err><![CDATA[]]></system-err>
</testsuite>
