<?xml version="1.0" encoding="UTF-8"?>
<testsuite name="com.example.money.TestMoney" tests="5" skipped="0" failures="0" errors="0" timestamp="2021-05-26T14:35:22" hostname="gimjun-yeong-ui-MacBook-Pro.local" time="0.044">
  <properties/>
  <testcase name="testMultiplication()" classname="com.example.money.TestMoney" time="0.032"/>
  <testcase name="testDifferentClassEquality()" classname="com.example.money.TestMoney" time="0.002"/>
  <testcase name="testFrancMultiplication()" classname="com.example.money.TestMoney" time="0.001"/>
  <testcase name="testCurrency()" classname="com.example.money.TestMoney" time="0.002"/>
  <testcase name="testEquality()" classname="com.example.money.TestMoney" time="0.002"/>
  <system-out><![CDATA[]]></system-out>
  <system-err><![CDATA[]]></system-err>
</testsuite>
