<?xml version="1.0" encoding="UTF-8"?>
<testsuite name="com.example.money.TestMoney" tests="4" skipped="0" failures="0" errors="0" timestamp="2021-05-20T14:12:38" hostname="gimjun-yeong-ui-MacBook-Pro.local" time="0.071">
  <properties/>
  <testcase name="testMultiplication()" classname="com.example.money.TestMoney" time="0.062"/>
  <testcase name="testFrancMultiplication()" classname="com.example.money.TestMoney" time="0.001"/>
  <testcase name="testCurrency()" classname="com.example.money.TestMoney" time="0.001"/>
  <testcase name="testEquality()" classname="com.example.money.TestMoney" time="0.003"/>
  <system-out><![CDATA[]]></system-out>
  <system-err><![CDATA[]]></system-err>
</testsuite>
